
			 8-Jun-83  9:47:15

BATCON Version	104(4133)			GLXLIB Version	1(527)

	    Job PROP Req #485 for KESSLER in Stream 0

	OUTPUT:	 Nolog				TIME-LIMIT: 0:10:00
	UNIQUE:	 Yes				BATCH-LOG:  Supersede
	RESTART: No				ASSISTANCE: Yes
						SEQUENCE:   1742

	Input from => PS:<PSL.KERNEL.20.EXT>PROP.CTL.3
	Output to  => PS:<PSL.KERNEL.20.EXT>PROP.LOG



 9:47:16 MONTR	 Univ of Utah Computer Science KL-20, TOPS-20AN Monitor 5.3(1500)
 9:47:16 MONTR	@SET TIME-LIMIT 600
 9:47:16 MONTR	@LOGIN KESSLER SMALL
 9:47:19 MONTR	 Job 12 on TTY224 8-Jun-83 09:47:19
 9:47:19 MONTR	 Previous login at 8-Jun-83 09:44:40
 9:47:20 MONTR	 There is 1 other job logged in as user KESSLER
 9:47:27 MONTR	@
 9:47:27 MONTR	[PS Mounted]
 9:47:27 MONTR	
 9:47:27 MONTR	[CONNECTED TO PS:<PSL.KERNEL.20.EXT>]
		;Modifications to this file may disappear, as this file is generated
		;automatically using information in P20:20-KERNEL-GEN.SL.
 9:47:27 MONTR	def dsk: dsk:,p20e:,pk:,p20:
 9:47:28 MONTR	@S:EX-DEC20-CROSS.EXE
 9:47:30 USER	[45] ASMOut "prop";
 9:47:31 USER	ASMOUT: IN files; or type in expressions
 9:47:31 USER	When all done execute ASMEND;
 9:47:34 USER	[46] PathIn "prop.build";
 9:47:34 USER	%
 9:47:34 USER	% PROP.BUILD - Files with functions for property lists and function definition
 9:47:34 USER	% 
 9:47:34 USER	% Author:      Eric Benson
 9:47:34 USER	%              Symbolic Computation Group
 9:47:34 USER	%              Computer Science Dept.
 9:47:34 USER	%              University of Utah
 9:47:34 USER	% Date:        19 May 1982
 9:47:34 USER	% Copyright (c) 1982 University of Utah
 9:47:35 USER	%
 9:47:35 USER	
 9:47:35 USER	PathIn "function-primitives.red"$       % used by PutD, GetD and Eval
 9:47:41 USER	PathIn "property-list.red"$             % PUT and FLAG and friends
 9:47:51 USER	PathIn "fluid-global.red"$              % variable declarations
 9:47:54 USER	PathIn "putd-getd.red"$                 % function defining functions
 9:48:05 USER	[47] ASMEnd;
 9:48:06 USER	*** Garbage collection starting
 9:48:11 USER	*** GC 19: time 2795 ms, 118806 recovered, 230743 free
 9:48:21 USER	0
 9:48:21 USER	[48] quit;
 9:48:21 MONTR	@compile prop.mac, dprop.mac
 9:48:24 USER	MACRO:  .MAIN
 9:48:31 USER	MACRO:  .MAIN
 9:48:32 USER	
 9:48:32 USER	EXIT
 9:48:32 MONTR	@
 9:48:33 MONTR	Killed by OPERATOR, TTY 221
 9:48:33 MONTR	Killed Job 12, User KESSLER, Account SMALL, TTY 224,
 9:48:33 MONTR	  at  8-Jun-83 09:48:33,  Used 0:00:37 in 0:01:13
