
			29-Jan-83  3:56:17

BATCON Version	104(4133)			GLXLIB Version	1(527)

	    Job COMPIL Req #81 for KENDZIERSKI in Stream 2

	OUTPUT:	 Nolog				TIME-LIMIT: 0:10:00
	UNIQUE:	 Yes				BATCH-LOG:  Supersede
	RESTART: No				ASSISTANCE: Yes
						SEQUENCE:   3822

	Input from => SS:<PSL.COMP>COMPILER.CTL.2
	Output to  => SS:<PSL.COMP>COMPILER.LOG



 3:56:17 MONTR	 Hewlett-Packard HULK, TOPS-20 Monitor 4(3247)-4
 3:56:17 MONTR	@SET TIME-LIMIT 600
 3:56:17 MONTR	@LOGIN KENDZIERSKI 
 3:56:18 MONTR	 Job 60 on TTY212 29-Jan-83  3:56AM
 3:56:18 MONTR	 Previous LOGIN: 29-Jan-83  3:40AM
 3:56:21 MONTR	 End of BATCH.CMD.12
 3:56:21 MONTR	@
 3:56:21 MONTR	[SS Mounted]
 3:56:21 MONTR	
 3:56:21 MONTR	[CONNECTED TO SS:<PSL.COMP>]
 3:56:21 MONTR	psl:rlisp
 3:56:23 USER	PSL 3.1 RLisp, 10-Jan-83
 3:56:23 USER	[1] loaddirectories!*:='("pl:");
 3:56:24 USER	("pl:")
 3:56:24 USER	[2] load build;
 3:56:25 USER	NIL
 3:56:25 USER	[3] build 'compiler;
 3:56:25 USER	CompileTime <<
 3:56:25 USER	load If!-System;
 3:56:25 USER	>>;
 3:56:26 USER	if_system(PDP10, <<
 3:56:26 USER	imports '(comp!-decls pass!-1!-lap
 3:56:26 USER	          dec20!-lap dec20!-cmac faslout);
 3:56:26 USER	if_system(KL10, NIL, imports '(non!-kl!-comp));
 3:56:26 USER	>>);
 3:56:26 USER	if_system(VAX,
 3:56:26 USER	imports '(comp!-decls pass!-1!-lap
 3:56:26 USER	          vax!-lap vax!-cmac faslout));
 3:56:26 USER	if_system(HP9836,
 3:56:26 USER	imports '(comp!-decls pass!-1!-lap
 3:56:26 USER	          hp!-lap hp!-cmac hp!-comp faslout));
 3:56:26 USER	in "compiler.red"$ !&MKFUNC WARRAYP WVARP WCONSTP !&ANYREGP
 3:56:31 USER	*** Function `LOCALF' has been redefined
 3:56:32 USER	LOCALF COMPILE COMPD !&PASS1 PA1ERR !&PA1 !&PA1V !&PA1X !&PALIS !&PALISV
 3:56:40 USER	 
 3:56:40 USER	ISAWCONST !&CONSTTAG MKWCONST !&PAWCONST NONLOCAL NONLOCALLISP NONLOCALS
 3:56:41 USER	YS
 3:56:45 USER	*** Garbage collection starting
 3:56:51 USER	*** GC 3: time 2665 ms
 3:56:51 USER	*** 88992 recovered, 805 stable, 10203 active, 88992 free
 3:56:52 USER	!&PANONLOCAL MKNONLOCAL !&MKNAM !&MKPROGN !&EQP !&EQVP !&EQPL !&MAKEADDR
 3:56:53 USER	ESS 
 3:56:54 USER	!&DOOP !&ALLCONST !&PAREFORMWTIMES2 !&ASSOCOP !&ASSOCOPV !&ASSOCOP1 
 3:57:01 USER	!&ASSOCOP2 !&INSOP !&INSOP1 !&GROUP
 3:57:05 USER	*** Garbage collection starting
 3:57:11 USER	*** GC 4: time 2602 ms
 3:57:11 USER	*** 83640 recovered, 9002 stable, 7358 active, 83640 free
 3:57:18 USER	!&GROUPV !&MAKEXP !&GETGROUPARGS !&GETGROUPARGS1 !&GETGROUPARGS2 !&DELAR
 3:57:20 USER	G 
 3:57:24 USER	!&PAAPPLY !&PAASSOC !&PAASSOC1
 3:57:25 USER	*** Garbage collection starting
 3:57:31 USER	*** GC 5: time 2386 ms
 3:57:31 USER	*** 87904 recovered, 9598 stable, 2497 active, 87905 free
 3:57:31 USER	!&PACOND !&PACATCH !&PADIFF !&PAEQUAL !&PAEQUAL1 !&PAFUNCTION !&PAGETMEM
 3:57:32 USER	 
 3:57:32 USER	!&PAIDENT !&PACASE !&PALAMBDA !&PALESSP !&PALIST !&PANTH !&PAPNTH !&PANT
 3:57:37 USER	HS 
 3:57:37 USER	!&PAMAP !&PAMAPC !&PAMAPDO !&PAMAPLIST !&PAMAPCAR !&PAMAPCOLLECT !&PAMAP
 3:57:43 USER	CON 
 3:57:43 USER	!&PAMAPCAN
 3:57:44 USER	*** Garbage collection starting
 3:57:50 USER	*** GC 6: time 2433 ms
 3:57:50 USER	*** 86127 recovered, 10201 stable, 3672 active, 86127 free
 3:57:50 USER	!&PAMAPCONC !&PAMEMBER !&PAMEMBER1 !&PAINTERN !&PAMINUS !&REFORMLOC 
 3:57:52 USER	!&REFORMNULL !&PAPLUS2 !&PAPROG !&PAPROGBOD !&PAPUTMEM !&PAPUTLISPVAR 
 3:57:57 USER	!&PALISPVAR !&PASETQ !&INSTALLDESTROY
 3:58:03 USER	*** Garbage collection starting
 3:58:05 USER	*** GC 7: time 2428 ms
 3:58:05 USER	*** 85510 recovered, 11255 stable, 3235 active, 85510 free
 3:58:09 USER	!&COMPROC !&IREG !&WCONSTP !&PASS2 !&COMVAL !&COMVAL1 !&ALLOCTEMP !&CALL
 3:58:16 USER	 
 3:58:16 USER	!&CALL1 !&COMLIS !&COMLIS1 !&SAVER1 !&COMPLY !&LOADARGS
 3:58:22 USER	*** Garbage collection starting
 3:58:25 USER	*** GC 8: time 2432 ms
 3:58:25 USER	*** 85253 recovered, 11915 stable, 2832 active, 85253 free
 3:58:29 USER	!&LOADOPENEXP !&REMOPEN !&ARGLOC !&MEMADDRESS !&CALLOPEN !&MATCHES !&ANY
 3:58:36 USER	 
 3:58:36 USER	!&DEST !&USESDEST !&USESDESTL !&REGFP !&REGN !&MEM !&NOTANYREG
 3:58:38 USER	*** Garbage collection starting
 3:58:44 USER	*** GC 9: time 2476 ms
 3:58:44 USER	*** 85789 recovered, 12625 stable, 1585 active, 85790 free
 3:58:44 USER	!&SUBARGS !&SUBARG !&ARG1 !&ARG2 !&ARG3 !&ARG4 !&PARAM1 !&PARAM2 !&PARAM
 3:58:48 USER	3 
 3:58:48 USER	!&PARAM4 !&GETTEMP !&GETTEMPLBL !&GENSYM !&COMPERROR !&COMPWARN !&EMITMA
 3:58:50 USER	C 
 3:58:50 USER	!&EMITLOAD !&EMITSTORE !&EMITJUMP !&EMITLBL !&EMITMEMMOD !&NOANYREG 
 3:58:51 USER	!&NOANYREG1 !&INREG !&REGMEM !&DESTMEM !&DESTMEMA !&LOADTEMP1 !&LOADTEMP
 3:58:56 USER	2 
 3:58:56 USER	!&CONSARGS !&LOADTEMPREG !&FIXREGTEST
 3:58:56 USER	*** Garbage collection starting
 3:59:02 USER	*** GC 10: time 2412 ms
 3:59:02 USER	*** 84952 recovered, 13143 stable, 1904 active, 84953 free
 3:59:03 USER	!&FIXREGTEST1 !&SETREGS1 !&LOCATE !&LOCATEL !&LREG !&LREG1 !&JUMPT !&JUM
 3:59:09 USER	PNIL 
 3:59:15 USER	!&VARBIND !&FREERSTR !&ATTACH !&STORELOCAL !&CLRSTR
 3:59:17 USER	*** Garbage collection starting
 3:59:22 USER	*** GC 11: time 2444 ms
 3:59:22 USER	*** 83072 recovered, 14345 stable, 2582 active, 83073 free
 3:59:23 USER	!&COMTST !&COMOPENTST !&REMVARL !&PROTECT !&RSTVARL !&RSTVAR !&UNPROTECT
 3:59:27 USER	 
 3:59:27 USER	!&STOREVAR !&REFERENCES !&REFERENCESL !&CFNTYPE !&GENLBL !&GETLBL !&ATTL
 3:59:28 USER	BL 
 3:59:29 USER	!&ATTJMP !&TRANSFERP !&DEFEQLBL !&DEFEQLBL1 !&LABCLASS !&DELCLASS !&LBLE
 3:59:31 USER	Q 
 3:59:31 USER	!&FRAME !&GETFRM !&ANYREG !&ANYREGL !&ANYREGFNP !&OPENP !&OPENPL !&OPENF
 3:59:35 USER	NP 
 3:59:35 USER	!&CONSTP !&VARP !&REGP !&NOSIDEEFFECTP !&NOSIDEEFFECTPL
 3:59:36 USER	*** Garbage collection starting
 3:59:41 USER	*** GC 12: time 2418 ms
 3:59:41 USER	*** 83945 recovered, 14761 stable, 1294 active, 83945 free
 3:59:41 USER	!&RVAL !&REGVAL !&ADDRVALS !&MKREG !&MKFRAME !&RASSOC !&REPASC !&RMERGE 
 3:59:44 USER	!&INALL !&TEMPREG !&REMREGS !&GETFVAR !&REMREGSL !&ALLARGS !&ALLARGS1 
 3:59:50 USER	!&REMMREFS !&REMMREFS1 !&REFMEMORY !&REFMEMORYL
 3:59:54 USER	*** Garbage collection starting
 3:59:57 USER	*** GC 13: time 2455 ms
 4:00:00 USER	*** 81923 recovered, 15499 stable, 2578 active, 81923 free
 4:00:00 USER	!&REMVREFS !&REMVREFS1 !&REFEXTERNAL !&REFEXTERNALL !&EXTERNALVARP !&REM
 4:00:02 USER	REFS 
 4:00:02 USER	!&REMREFS1 !&TSTANDOR !&COMANDOR !&COMAPPLY
 4:00:13 USER	*** Garbage collection starting
 4:00:16 USER	*** GC 14: time 2505 ms
 4:00:16 USER	*** 79651 recovered, 15873 stable, 4476 active, 79651 free
 4:00:16 USER	!&COMCOND !&COMCONS !&COMGO !&COMCASE !&INSTBL !&GETNUM
 4:00:33 USER	*** Garbage collection starting
 4:00:38 USER	*** GC 15: time 2462 ms
 4:00:38 USER	*** 81883 recovered, 16161 stable, 1955 active, 81884 free
 4:00:39 USER	!&COMPROG !&COMPROGN !&COMRETURN !&DELMAC !&PASS3 !&INSERTMAC !&DELETEMA
 4:00:41 USER	C 
 4:00:41 USER	!&REMCODE !&UNUSEDLBLS !&CLASSMEMBER !&REMUNUSEDMAC !&FIXLINKS !&PEEPHOL
 4:00:48 USER	EOPT 
 4:00:48 USER	!&STOPT
 4:00:51 USER	*** Garbage collection starting
 4:00:54 USER	*** GC 16: time 2479 ms
 4:00:54 USER	*** 80647 recovered, 16460 stable, 2893 active, 80647 free
 4:00:54 USER	!&LBLOPT !&JUMPOPT !&FIXCHAINS !&MOVEJUMP !&FIXFRM !&GETFRAMES !&GETFRAM
 4:01:05 USER	ES1 
 4:01:05 USER	!&GETFRAMES2 !&HIGHEST !&HIGHEST1 !&HIGHEST2
 4:01:07 USER	*** Garbage collection starting
 4:01:13 USER	*** GC 17: time 2418 ms
 4:01:13 USER	*** 82732 recovered, 16876 stable, 392 active, 82732 free
 4:01:13 USER	!&REFORMMACROS !&FIXLABS !&MACROSUBST !&MACROSUBST1 !&MACROSUBST2 !&REMT
 4:01:18 USER	AGS 
 4:01:18 USER	!&REMTAGS1 !&REMTAGS2 !&REMTAGS3 !&REMTAGS4 !&ONEREG !&TWOREG !&THREEREG
 4:01:20 USER	*** Init code length is 138
 4:01:24 USER	*** Garbage collection starting
 4:01:31 USER	*** GC 18: time 2797 ms
 4:01:31 USER	*** 73880 recovered, 6922 stable, 19197 active, 73881 free
 4:01:32 USER	!*!*FASL!*!*INITCODE!*!*
 4:01:33 USER	NIL
 4:01:33 USER	[4] quit;
 4:01:33 MONTR	@
 4:01:34 MONTR	Killed Job 60, User KENDZIERSKI, TTY 212, at 29-Jan-83 04:01:34
 4:01:34 MONTR	 Used 0:02:25 in 0:05:16
 4:01:34 MONTR	
  