
			12-May-83  7:41:20

BATCON Version	104(4133)			GLXLIB Version	1(527)

	    Job TAG-PS Req #1685 for KESSLER in Stream 0

	OUTPUT:	 Nolog				TIME-LIMIT: 0:10:00
	UNIQUE:	 Yes				BATCH-LOG:  Supersede
	RESTART: No				ASSISTANCE: Yes
						SEQUENCE:   3224

	Input from => PS:<PSL.UTAH>TAG-PSL.CTL.1
	Output to  => PS:<PSL>TAG-PSL.LOG



 7:41:21 MONTR	 Univ of Utah Computer Science KL-20, TOPS-20AN Monitor 5.3(1500)
 7:41:21 MONTR	@SET TIME-LIMIT 600
 7:41:21 MONTR	@LOGIN KESSLER SMALL
 7:41:24 MONTR	 Job 21 on TTY225 12-May-83 07:41:24
 7:41:24 MONTR	 Previous login at 12-May-83 06:52:43
 7:41:24 MONTR	 There is 1 other job logged in as user KESSLER
 7:41:27 MONTR	@
 7:41:27 MONTR	[PS Mounted]
 7:41:27 MONTR	
 7:41:27 MONTR	[CONNECTED TO PS:<PSL>]
 7:41:27 MONTR	@! Build tags table for nearly everything in PSL directories, producing a
 7:41:28 MONTR	@@! PSL.TAGS file.
 7:41:28 MONTR	@@term page 0
 7:41:28 MONTR	@@<emacs>TAGS
 7:41:28 USER	 Output tags file: *PSL.TAGS
 7:41:28 USER	 Type filenames, end with blank line
 7:41:28 USER	**<PSL*>*.RED
 7:41:30 USER	<PSL.ARCHIVE.VAX-INTERP>VAX-FASL.RED.1 - 7. functions found.
 7:41:30 USER	<PSL.COMP>BIG-FASLEND.RED.1 - 2. functions found.
 7:41:31 USER	<PSL.COMP>COMP-DECLS.RED.6 - 0. functions found.
 7:41:34 USER	<PSL.COMP>COMPILER.RED.20 - 267. functions found.
 7:41:35 USER	<PSL.COMP>DATA-MACHINE.RED.13 - 88. functions found.
 7:41:36 USER	<PSL.COMP>FASLOUT.RED.8 - 14. functions found.
 7:41:37 USER	<PSL.COMP>LAP-TO-ASM.RED.9 - 108. functions found.
 7:41:37 USER	<PSL.COMP>SYSLISP-SYNTAX.RED.3 - 10. functions found.
 7:41:37 USER	<PSL.COMP>TAGS.RED.2 - 3. functions found.
 7:41:38 USER	<PSL.COMP>WDECLARE.RED.2 - 2. functions found.
 7:41:38 USER	<PSL.COMP.20>DEC20-ASM.RED.1 - 23. functions found.
 7:41:38 USER	<PSL.COMP.20>DEC20-COMP.RED.4 - 2. functions found.
 7:41:39 USER	<PSL.COMP.20>DEC20-DATA-MACHINE.RED.1 - 7. functions found.
 7:41:39 USER	<PSL.COMP.20>DEC20-LAP.RED.2 - 39. functions found.
 7:41:40 USER	<PSL.COMP.68>APOLLOCALL.RED.1 - 1. functions found.
 7:41:40 USER	<PSL.COMP.68>M68K-COMP.RED.1 - 0. functions found.
 7:41:41 USER	<PSL.COMP.68.APOLLO>APOLLO-ASM.RED.16 - 29. functions found.
 7:41:41 USER	<PSL.COMP.68.APOLLO>APOLLO-DATA-MACHINE.RED.2 - 5. functions found.
 7:41:41 USER	<PSL.COMP.68.APOLLO>BOOTSTRAP-APOLLO-DATA-MACHINE.RED.1 - 23. functions found.
 7:41:42 USER	<PSL.COMP.68.APOLLO>OLD-SYS-IO.RED.1 - 9. functions found.
 7:41:42 USER	<PSL.COMP.68.HP>BRA-FIX.RED.1 - 1. functions found.
 7:41:43 USER	<PSL.COMP.68.HP>HP-ASM.RED.1 - 39. functions found.
 7:41:44 USER	<PSL.COMP.68.HP>HP-COMP.RED.3 - 2. functions found.
 7:41:44 USER	<PSL.COMP.68.HP>HP-DATA-MACHINE.RED.1 - 5. functions found.
 7:41:46 USER	<PSL.COMP.68.HP>HP-LAP.RED.1 - 105. functions found.
 7:41:47 USER	<PSL.COMP.68.WICAT>WICAT-ASM.RED.11 - 36. functions found.
 7:41:48 USER	<PSL.COMP.68.WICAT>WICAT-DATA-MACHINE.RED.1 - 5. functions found.
 7:41:49 USER	<PSL.COMP.CRAY>CRAY-ASM.RED.65 - 35. functions found.
 7:41:49 USER	<PSL.COMP.CRAY>CRAY-COMP.RED.11 - 0. functions found.
 7:41:49 USER	<PSL.COMP.CRAY>CRAY-DATA-MACHINE.RED.9 - 9. functions found.
 7:41:50 USER	<PSL.COMP.CRAY>TEST-PACKAGE.RED.1 - 6. functions found.
 7:41:50 USER	<PSL.COMP.VAX>VAX-ASM.RED.2 - 28. functions found.
 7:41:50 USER	<PSL.COMP.VAX>VAX-COMP.RED.3 - 3. functions found.
 7:41:51 USER	<PSL.COMP.VAX>VAX-DATA-MACHINE.RED.1 - 5. functions found.
 7:41:51 USER	<PSL.COMP.VAX>VAX-LAP.RED.3 - 68. functions found.
 7:41:53 USER	<PSL.EMODE>EMODE-DISPHELP.RED.2 - 1. functions found.
 7:41:54 USER	<PSL.EMODE>EMODE-FILES-1.RED.3 - 0. functions found.
 7:41:54 USER	<PSL.EMODE>EMODE-FILES-2.RED.2 - 0. functions found.
 7:41:55 USER	<PSL.EMODE>EMODE1.RED.3 - 76. functions found.
 7:41:55 USER	<PSL.EMODE>HP-EMODE-FILES-1.RED.1 - 0. functions found.
 7:41:56 USER	<PSL.EMODE>MENU.RED.2 - 6. functions found.
 7:41:56 USER	<PSL.EMODE>MOVE-STRINGS.RED.2 - 2. functions found.
 7:41:57 USER	<PSL.EMODE>REFRESH.RED.3 - 42. functions found.
 7:41:58 USER	<PSL.EMODE>RFACE.RED.3 - 15. functions found.
 7:41:58 USER	<PSL.EMODE>SEARCH.RED.3 - 15. functions found.
 7:41:59 USER	<PSL.EMODE>SETWINDOW.RED.2 - 5. functions found.
 7:41:59 USER	<PSL.EMODE>TEL-ANN-DRIVER.RED.2 - 48. functions found.
 7:41:59 USER	<PSL.EMODE>TEMPORARY-EMODE-FIXES.RED.2 - 3. functions found.
 7:41:59 USER	<PSL.EMODE>VS-DEMO.RED.2 - 0. functions found.
 7:41:59 USER	<PSL.EMODE>VS-SUPPORT.RED.1 - 1. functions found.
 7:41:59 USER	<PSL.EMODE>WIN-DEMO.RED.2 - 5. functions found.
 7:42:00 USER	<PSL.GLISP>RAWIO.RED.1 - 19. functions found.
 7:42:01 USER	<PSL.KERNEL>ALLOCATORS.RED.8 - 18. functions found.
 7:42:02 USER	<PSL.KERNEL>ARITHMETIC.RED.2 - 55. functions found.
 7:42:02 USER	<PSL.KERNEL>AUTOLOAD.RED.4 - 2. functions found.
 7:42:02 USER	<PSL.KERNEL>AUTOLOAD-TRACE.RED.7 - 2. functions found.
 7:42:02 USER	<PSL.KERNEL>BACKTRACE.RED.18 - 5. functions found.
 7:42:03 USER	<PSL.KERNEL>BINDING.RED.2 - 8. functions found.
 7:42:03 USER	<PSL.KERNEL>BREAK.RED.4 - 8. functions found.
 7:42:03 USER	<PSL.KERNEL>CARCDR.RED.1 - 30. functions found.
 7:42:04 USER	<PSL.KERNEL>CATCH-THROW.RED.17 - 22. functions found.
 7:42:04 USER	<PSL.KERNEL>CHAR-IO.RED.3 - 6. functions found.
 7:42:04 USER	<PSL.KERNEL>COMP-SUPPORT.RED.1 - 6. functions found.
 7:42:05 USER	<PSL.KERNEL>COMPACTING-GC.RED.11 - 38. functions found.
 7:42:05 USER	<PSL.KERNEL>CONS-MKVECT.RED.4 - 11. functions found.
 7:42:05 USER	<PSL.KERNEL>CONT-ERROR.RED.1 - 1. functions found.
 7:42:06 USER	<PSL.KERNEL>COPIERS.RED.2 - 8. functions found.
 7:42:06 USER	<PSL.KERNEL>COPYING-GC.RED.14 - 17. functions found.
 7:42:07 USER	<PSL.KERNEL>DEFCONST.RED.1 - 3. functions found.
 7:42:07 USER	<PSL.KERNEL>DEFINE-SMACRO.RED.3 - 4. functions found.
 7:42:07 USER	<PSL.KERNEL>DSKIN.RED.3 - 4. functions found.
 7:42:08 USER	<PSL.KERNEL>EASY-NON-SL.RED.5 - 58. functions found.
 7:42:08 USER	<PSL.KERNEL>EASY-SL.RED.3 - 55. functions found.
 7:42:09 USER	<PSL.KERNEL>EQUAL.RED.2 - 7. functions found.
 7:42:09 USER	<PSL.KERNEL>ERROR-ERRORSET.RED.5 - 3. functions found.
 7:42:09 USER	<PSL.KERNEL>ERROR-HANDLERS.RED.4 - 5. functions found.
 7:42:09 USER	<PSL.KERNEL>EVAL-APPLY.RED.5 - 4. functions found.
 7:42:09 USER	<PSL.KERNEL>EVAL-WHEN.RED.1 - 4. functions found.
 7:42:10 USER	<PSL.KERNEL>EXPLODE-COMPRESS.RED.3 - 11. functions found.
 7:42:10 USER	<PSL.KERNEL>FASL-INCLUDE.RED.1 - 6. functions found.
 7:42:10 USER	<PSL.KERNEL>FASLIN.RED.2 - 6. functions found.
 7:42:10 USER	<PSL.KERNEL>FAST-BINDER.RED.1 - 2. functions found.
 7:42:11 USER	<PSL.KERNEL>FLUID-GLOBAL.RED.1 - 10. functions found.
 7:42:11 USER	<PSL.KERNEL>IO-ERRORS.RED.1 - 6. functions found.
 7:42:11 USER	<PSL.KERNEL>IO-EXTENSIONS.RED.1 - 4. functions found.
 7:42:11 USER	<PSL.KERNEL>KNOWN-TO-COMP-SL.RED.1 - 12. functions found.
 7:42:12 USER	<PSL.KERNEL>LISP-MACROS.RED.1 - 4. functions found.
 7:42:12 USER	<PSL.KERNEL>LOAD.RED.18 - 6. functions found.
 7:42:12 USER	<PSL.KERNEL>LOOP-MACROS.RED.1 - 6. functions found.
 7:42:13 USER	<PSL.KERNEL>MINI-EDITOR.RED.3 - 10. functions found.
 7:42:13 USER	<PSL.KERNEL>MINI-TRACE.RED.2 - 16. functions found.
 7:42:18 USER	<PSL.KERNEL>NONREC-GC.RED.2 - 18. functions found.
 7:42:20 USER	<PSL.KERNEL>OBLIST.RED.3 - 21. functions found.
 7:42:20 USER	<PSL.KERNEL>ONOFF.RED.1 - 4. functions found.
 7:42:20 USER	<PSL.KERNEL>OPEN-CLOSE.RED.2 - 2. functions found.
 7:42:21 USER	<PSL.KERNEL>OTHER-IO.RED.5 - 12. functions found.
 7:42:21 USER	<PSL.KERNEL>OTHERS-SL.RED.1 - 5. functions found.
 7:42:22 USER	<PSL.KERNEL>P-APPLY-LAP.RED.1 - 9. functions found.
 7:42:23 USER	<PSL.KERNEL>PRINTERS.RED.17 - 39. functions found.
 7:42:24 USER	<PSL.KERNEL>PRINTF.RED.4 - 9. functions found.
 7:42:24 USER	<PSL.KERNEL>PROG-AND-FRIENDS.RED.2 - 3. functions found.
 7:42:25 USER	<PSL.KERNEL>PROPERTY-LIST.RED.1 - 12. functions found.
 7:42:25 USER	<PSL.KERNEL>PUTD-GETD.RED.3 - 4. functions found.
 7:42:26 USER	<PSL.KERNEL>RDS-WRS.RED.1 - 2. functions found.
 7:42:26 USER	<PSL.KERNEL>READ.RED.7 - 9. functions found.
 7:42:27 USER	<PSL.KERNEL>SEQUENCE.RED.3 - 8. functions found.
 7:42:27 USER	<PSL.KERNEL>SETS.RED.1 - 8. functions found.
 7:42:27 USER	<PSL.KERNEL>STRING-GENSYM.RED.2 - 2. functions found.
 7:42:28 USER	<PSL.KERNEL>SYMBOL-VALUES.RED.1 - 4. functions found.
 7:42:28 USER	<PSL.KERNEL>TOKEN-SCANNER.RED.7 - 27. functions found.
 7:42:28 USER	<PSL.KERNEL>TOP-LOOP.RED.13 - 13. functions found.
 7:42:29 USER	<PSL.KERNEL>TYPE-CONVERSIONS.RED.1 - 14. functions found.
 7:42:29 USER	<PSL.KERNEL>TYPE-ERRORS.RED.3 - 14. functions found.
 7:42:29 USER	<PSL.KERNEL>VECTORS.RED.3 - 7. functions found.
 7:42:30 USER	<PSL.KERNEL.20>APPLY-LAP.RED.2 - 6. functions found.
 7:42:30 USER	<PSL.KERNEL.20>DUMPLISP.RED.6 - 4. functions found.
 7:42:30 USER	<PSL.KERNEL.20>FAST-BINDER.RED.1 - 2. functions found.
 7:42:31 USER	<PSL.KERNEL.20>FUNCTION-PRIMITIVES.RED.2 - 7. functions found.
 7:42:31 USER	<PSL.KERNEL.20>GC.RED.3 - 0. functions found.
 7:42:31 USER	<PSL.KERNEL.20>GLOBAL-DATA.RED.2 - 0. functions found.
 7:42:32 USER	<PSL.KERNEL.20>IO-DATA.RED.3 - 0. functions found.
 7:42:32 USER	<PSL.KERNEL.20>MAIN-START.RED.7 - 4. functions found.
 7:42:32 USER	<PSL.KERNEL.20>MINI-TRACE.RED.3 - 0. functions found.
 7:42:32 USER	<PSL.KERNEL.20>SCAN-TABLE.RED.6 - 0. functions found.
 7:42:32 USER	<PSL.KERNEL.20>SYSTEM-EXTRAS.RED.3 - 4. functions found.
 7:42:33 USER	<PSL.KERNEL.20>SYSTEM-FASLIN.RED.4 - 5. functions found.
 7:42:33 USER	<PSL.KERNEL.20>SYSTEM-FASLOUT.RED.1 - 7. functions found.
 7:42:33 USER	<PSL.KERNEL.20>SYSTEM-GC.RED.1 - 2. functions found.
 7:42:34 USER	<PSL.KERNEL.20>SYSTEM-IO.RED.3 - 16. functions found.
 7:42:34 USER	<PSL.KERNEL.20>TIMC.RED.1 - 1. functions found.
 7:42:34 USER	<PSL.KERNEL.20>TRAP.RED.2 - 0. functions found.
 7:42:34 USER	<PSL.KERNEL.20>WRITE-FLOAT.RED.3 - 1. functions found.
 7:42:35 USER	<PSL.KERNEL.68>APPLY-LAP.RED.1 - 6. functions found.
 7:42:36 USER	<PSL.KERNEL.68>ARITHMETIC.RED.6 - 66. functions found.
 7:42:36 USER	<PSL.KERNEL.68>AUTOLOAD.RED.1 - 2. functions found.
 7:42:36 USER	<PSL.KERNEL.68>DUMPLISP.RED.1 - 0. functions found.
 7:42:37 USER	<PSL.KERNEL.68>FAST-BINDER.RED.1 - 2. functions found.
 7:42:37 USER	<PSL.KERNEL.68>FUNCTION-PRIMITIVES.RED.1 - 10. functions found.
 7:42:37 USER	<PSL.KERNEL.68>GC.RED.3 - 0. functions found.
 7:42:37 USER	<PSL.KERNEL.68>IO-DATA.RED.2 - 0. functions found.
 7:42:40 USER	<PSL.KERNEL.68>M68K-LAP.RED.2 - 106. functions found.
 7:42:40 USER	<PSL.KERNEL.68>NEWARITHMETIC.RED.1 - 11. functions found.
 7:42:40 USER	<PSL.KERNEL.68>SCAN-TABLE.RED.4 - 0. functions found.
 7:42:41 USER	<PSL.KERNEL.68>SYSTEM-FASLIN.RED.1 - 3. functions found.
 7:42:41 USER	<PSL.KERNEL.68>SYSTEM-FASLOUT.RED.1 - 11. functions found.
 7:42:41 USER	<PSL.KERNEL.68>SYSTEM-GC.RED.2 - 3. functions found.
 7:42:41 USER	<PSL.KERNEL.68>TIMC.RED.1 - 0. functions found.
 7:42:41 USER	<PSL.KERNEL.68>TRAP.RED.1 - 0. functions found.
 7:42:42 USER	<PSL.KERNEL.68.APOLLO>APOLLO-SYSTEM-IO.RED.65 - 28. functions found.
 7:42:42 USER	<PSL.KERNEL.68.APOLLO>BYTE.RED.1 - 2. functions found.
 7:42:43 USER	<PSL.KERNEL.68.APOLLO>CONVERT.RED.2 - 3. functions found.
 7:42:43 USER	<PSL.KERNEL.68.APOLLO>FLOATS.RED.22 - 22. functions found.
 7:42:44 USER	<PSL.KERNEL.68.APOLLO>GLOBAL-DATA.RED.5 - 0. functions found.
 7:42:44 USER	<PSL.KERNEL.68.APOLLO>MAILBOX.RED.1 - 12. functions found.
 7:42:44 USER	<PSL.KERNEL.68.APOLLO>MAIN-START.RED.24 - 4. functions found.
 7:42:45 USER	<PSL.KERNEL.68.APOLLO>READMAP.RED.1 - 9. functions found.
 7:42:45 USER	<PSL.KERNEL.68.APOLLO>STASHSYSTEM.RED.3 - 1. functions found.
 7:42:45 USER	<PSL.KERNEL.68.APOLLO>SYSTEM-EXTRAS.RED.16 - 5. functions found.
 7:42:46 USER	<PSL.KERNEL.68.APOLLO>SYSTEM-IO.RED.13 - 14. functions found.
 7:42:47 USER	<PSL.KERNEL.68.APOLLO>WRITE-FLOAT.RED.5 - 1. functions found.
 7:42:48 USER	<PSL.KERNEL.68.APOLLO>WRITE-REAL.RED.1 - 8. functions found.
 7:42:49 USER	<PSL.KERNEL.68.HP>32-BIT.RED.1 - 11. functions found.
 7:42:49 USER	<PSL.KERNEL.68.HP>68000-32-BIT-ARITHMETIC.RED.1 - 1. functions found.
 7:42:50 USER	<PSL.KERNEL.68.HP>APPLY-LAP.RED.1 - 6. functions found.
 7:42:50 USER	<PSL.KERNEL.68.HP>DUMPLISP.RED.1 - 7. functions found.
 7:42:51 USER	<PSL.KERNEL.68.HP>FASLOUT.RED.1 - 16. functions found.
 7:42:51 USER	<PSL.KERNEL.68.HP>FAST-BINDER.RED.1 - 2. functions found.
 7:42:51 USER	<PSL.KERNEL.68.HP>FIXUP.RED.1 - 4. functions found.
 7:42:51 USER	<PSL.KERNEL.68.HP>FUNCTION-PRIMITIVES.RED.1 - 10. functions found.
 7:42:52 USER	<PSL.KERNEL.68.HP>GC.RED.1 - 0. functions found.
 7:42:52 USER	<PSL.KERNEL.68.HP>GLOBAL-DATA.RED.1 - 0. functions found.
 7:42:52 USER	<PSL.KERNEL.68.HP>HP-DYNAMIC-PASLOAD.RED.1 - 7. functions found.
 7:42:53 USER	<PSL.KERNEL.68.HP>IO-DATA.RED.2 - 0. functions found.
 7:42:53 USER	<PSL.KERNEL.68.HP>MAIN-START.RED.1 - 4. functions found.
 7:42:53 USER	<PSL.KERNEL.68.HP>SCAN-TABLE.RED.3 - 0. functions found.
 7:42:54 USER	<PSL.KERNEL.68.HP>SYSTEM-EXTRAS.RED.3 - 10. functions found.
 7:42:54 USER	<PSL.KERNEL.68.HP>SYSTEM-FASLIN.RED.1 - 11. functions found.
 7:42:54 USER	<PSL.KERNEL.68.HP>SYSTEM-FASLOUT.RED.1 - 7. functions found.
 7:42:55 USER	<PSL.KERNEL.68.HP>SYSTEM-GC.RED.1 - 2. functions found.
 7:42:55 USER	<PSL.KERNEL.68.HP>SYSTEM-IO.RED.1 - 12. functions found.
 7:42:56 USER	<PSL.KERNEL.68.HP>TIMC.RED.1 - 1. functions found.
 7:42:56 USER	<PSL.KERNEL.68.HP>TRAP.RED.1 - 0. functions found.
 7:42:56 USER	<PSL.KERNEL.68.HP>WRITE-FLOAT.RED.1 - 0. functions found.
 7:42:57 USER	<PSL.KERNEL.68.HP>XXX-SYSTEM-IO.RED.1 - 10. functions found.
 7:42:58 USER	<PSL.KERNEL.68.WICAT>FLOATS.RED.2 - 11. functions found.
 7:42:58 USER	<PSL.KERNEL.68.WICAT>GLOBAL-DATA.RED.4 - 0. functions found.
 7:42:58 USER	<PSL.KERNEL.68.WICAT>MAIN-START.RED.9 - 4. functions found.
 7:42:58 USER	<PSL.KERNEL.68.WICAT>SYSTEM-EXTRAS.RED.1 - 0. functions found.
 7:42:59 USER	<PSL.KERNEL.68.WICAT>SYSTEM-IO.RED.8 - 11. functions found.
 7:42:59 USER	<PSL.KERNEL.68.WICAT>WICAT-ARITH.RED.1 - 0. functions found.
 7:42:59 USER	<PSL.KERNEL.68.WICAT>WICAT-SYSTEM-IO.RED.17 - 16. functions found.
 7:42:59 USER	<PSL.KERNEL.68.WICAT>WRITE-FLOAT.RED.1 - 0. functions found.
 7:43:00 USER	<PSL.KERNEL.CRAY>APPLY-LAP.RED.3 - 4. functions found.
 7:43:00 USER	<PSL.KERNEL.CRAY>BINARY.RED.1 - 8. functions found.
 7:43:00 USER	<PSL.KERNEL.CRAY>CRAY-GLOBAL-DATA.RED.9 - 0. functions found.
 7:43:01 USER	<PSL.KERNEL.CRAY>NEW-XXX-SYSTEM-IO.RED.2 - 28. functions found.
 7:43:01 USER	<PSL.KERNEL.CRAY>SYSTEM-IO.RED.2 - 13. functions found.
 7:43:02 USER	<PSL.KERNEL.CRAY>XXX-GC.RED.4 - 0. functions found.
 7:43:02 USER	<PSL.KERNEL.CRAY>XXX-HEADER.RED.28 - 21. functions found.
 7:43:02 USER	<PSL.KERNEL.CRAY>XXX-SYSTEM-GC.RED.1 - 2. functions found.
 7:43:03 USER	<PSL.KERNEL.CRAY>XXX-SYSTEM-IO.RED.56 - 21. functions found.
 7:43:04 USER	<PSL.KERNEL.VAX>APPLY-LAP.RED.3 - 6. functions found.
 7:43:04 USER	<PSL.KERNEL.VAX>DUMPLISP.RED.3 - 1. functions found.
 7:43:04 USER	<PSL.KERNEL.VAX>FAST-BINDER.RED.2 - 2. functions found.
 7:43:05 USER	<PSL.KERNEL.VAX>FUNCTION-PRIMITIVES.RED.3 - 10. functions found.
 7:43:05 USER	<PSL.KERNEL.VAX>GC.RED.2 - 0. functions found.
 7:43:05 USER	<PSL.KERNEL.VAX>GLOBAL-DATA.RED.9 - 0. functions found.
 7:43:05 USER	<PSL.KERNEL.VAX>IO-DATA.RED.2 - 0. functions found.
 7:43:06 USER	<PSL.KERNEL.VAX>MAIN-START.RED.1 - 4. functions found.
 7:43:06 USER	<PSL.KERNEL.VAX>MINI-TRACE.RED.1 - 0. functions found.
 7:43:06 USER	<PSL.KERNEL.VAX>SCAN-TABLE.RED.2 - 0. functions found.
 7:43:06 USER	<PSL.KERNEL.VAX>SYMBOL-VALUES.RED.1 - 4. functions found.
 7:43:07 USER	<PSL.KERNEL.VAX>SYSTEM-EXTRAS.RED.1 - 18. functions found.
 7:43:07 USER	<PSL.KERNEL.VAX>SYSTEM-FASLIN.RED.1 - 11. functions found.
 7:43:07 USER	<PSL.KERNEL.VAX>SYSTEM-FASLOUT.RED.1 - 7. functions found.
 7:43:07 USER	<PSL.KERNEL.VAX>SYSTEM-GC.RED.1 - 2. functions found.
 7:43:07 USER	<PSL.KERNEL.VAX>SYSTEM-IO.RED.1 - 12. functions found.
 7:43:08 USER	<PSL.KERNEL.VAX>TIMC.RED.1 - 1. functions found.
 7:43:08 USER	<PSL.KERNEL.VAX>TRAP.RED.1 - 2. functions found.
 7:43:08 USER	<PSL.KERNEL.VAX>WRITE-FLOAT.RED.1 - 2. functions found.
 7:43:11 USER	<PSL.NEW>AD-HOC-OOL.RED.1 - 12. functions found.
 7:43:14 USER	<PSL.NEW>COMPILER.RED.2 - 267. functions found.
 7:43:14 USER	<PSL.NEW>COPYING-GC.RED.1 - 17. functions found.
 7:43:15 USER	<PSL.NEW>FASLOUT.RED.2 - 13. functions found.
 7:43:15 USER	<PSL.NEW>HP-COMP.RED.1 - 2. functions found.
 7:43:15 USER	<PSL.NEW>IO-DATA.RED.2 - 0. functions found.
 7:43:15 USER	<PSL.NEW>MKFIL.RED.1 - 3. functions found.
 7:43:18 USER	<PSL.NEW>NCOMPILER.RED.1 - 267. functions found.
 7:43:19 USER	<PSL.NEW>SCAN-TABLE.RED.2 - 0. functions found.
 7:43:20 USER	<PSL.NEW>VAX-LAP.RED.2 - 68. functions found.
 7:43:22 USER	<PSL.SUPPORT.20>GETFTP.RED.1 - 2. functions found.
 7:43:23 USER	<PSL.SUPPORT.APOLLO>CAL_SYSCALLS.RED.1 - 15. functions found.
 7:43:23 USER	<PSL.SUPPORT.APOLLO>CORE_SYSCALLS.RED.1 - 46. functions found.
 7:43:24 USER	<PSL.SUPPORT.APOLLO>DATE.RED.1 - 2. functions found.
 7:43:24 USER	<PSL.SUPPORT.APOLLO>DUMPLISP1.RED.1 - 4. functions found.
 7:43:24 USER	<PSL.SUPPORT.APOLLO>GPR1_SYSCALLS.RED.1 - 0. functions found.
 7:43:25 USER	<PSL.SUPPORT.APOLLO>GPR2_SYSCALLS.RED.1 - 1. functions found.
 7:43:25 USER	<PSL.SUPPORT.APOLLO>MBX_SYSCALLS.RED.1 - 12. functions found.
 7:43:26 USER	<PSL.SUPPORT.APOLLO>NAME_SYSCALLS.RED.1 - 11. functions found.
 7:43:26 USER	<PSL.SUPPORT.APOLLO>PAD_SYSCALLS.RED.2 - 21. functions found.
 7:43:27 USER	<PSL.SUPPORT.APOLLO>PASCAL_COMPAT.RED.1 - 24. functions found.
 7:43:27 USER	<PSL.SUPPORT.APOLLO>PROC1_SYSCALLS.RED.1 - 0. functions found.
 7:43:27 USER	<PSL.SUPPORT.APOLLO>STREAM_SYSCALLS.RED.1 - 14. functions found.
 7:43:28 USER	<PSL.SUPPORT.APOLLO>WRITE-FLOAT.RED.1 - 1. functions found.
 7:43:28 USER	<PSL.TESTS>CRAY-TIME.RED.2 - 2. functions found.
 7:43:28 USER	<PSL.TESTS>FIELD.RED.2 - 10. functions found.
 7:43:29 USER	<PSL.TESTS>IO-DATA.RED.2 - 0. functions found.
 7:43:29 USER	<PSL.TESTS>LAPTEST.RED.1 - 7. functions found.
 7:43:29 USER	<PSL.TESTS>MAIN0.RED.1 - 1. functions found.
 7:43:30 USER	<PSL.TESTS>MAIN1.RED.10 - 8. functions found.
 7:43:30 USER	<PSL.TESTS>MAIN2.RED.9 - 2. functions found.
 7:43:30 USER	<PSL.TESTS>MAIN3.RED.8 - 6. functions found.
 7:43:30 USER	<PSL.TESTS>MAIN4.RED.41 - 8. functions found.
 7:43:31 USER	<PSL.TESTS>MAIN5.RED.34 - 6. functions found.
 7:43:31 USER	<PSL.TESTS>MAIN6.RED.40 - 11. functions found.
 7:43:31 USER	<PSL.TESTS>MAIN7.RED.22 - 2. functions found.
 7:43:31 USER	<PSL.TESTS>MAIN8.RED.9 - 1. functions found.
 7:43:31 USER	<PSL.TESTS>MAIN9.RED.6 - 1. functions found.
 7:43:32 USER	<PSL.TESTS>MINI-ALLOCATORS.RED.1 - 5. functions found.
 7:43:32 USER	<PSL.TESTS>MINI-ARITHMETIC.RED.4 - 8. functions found.
 7:43:32 USER	<PSL.TESTS>MINI-CARCDR.RED.3 - 4. functions found.
 7:43:32 USER	<PSL.TESTS>MINI-CHAR-IO.RED.1 - 2. functions found.
 7:43:32 USER	<PSL.TESTS>MINI-COMP-SUPPORT.RED.3 - 4. functions found.
 7:43:33 USER	<PSL.TESTS>MINI-CONS-MKVECT.RED.2 - 5. functions found.
 7:43:33 USER	<PSL.TESTS>MINI-DSKIN.RED.1 - 3. functions found.
 7:43:33 USER	<PSL.TESTS>MINI-EASY-NON-SL.RED.7 - 7. functions found.
 7:43:33 USER	<PSL.TESTS>MINI-EASY-SL.RED.12 - 18. functions found.
 7:43:33 USER	<PSL.TESTS>MINI-EQUAL.RED.1 - 1. functions found.
 7:43:33 USER	<PSL.TESTS>MINI-ERROR-ERRORSET.RED.5 - 4. functions found.
 7:43:34 USER	<PSL.TESTS>MINI-ERROR-HANDLERS.RED.3 - 2. functions found.
 7:43:34 USER	<PSL.TESTS>MINI-EVAL-APPLY.RED.7 - 8. functions found.
 7:43:34 USER	<PSL.TESTS>MINI-FLUID-GLOBAL.RED.2 - 5. functions found.
 7:43:34 USER	<PSL.TESTS>MINI-GC.RED.1 - 3. functions found.
 7:43:35 USER	<PSL.TESTS>MINI-IO-ERRORS.RED.2 - 2. functions found.
 7:43:35 USER	<PSL.TESTS>MINI-LOOP-MACROS.RED.1 - 1. functions found.
 7:43:35 USER	<PSL.TESTS>MINI-OBLIST.RED.5 - 10. functions found.
 7:43:35 USER	<PSL.TESTS>MINI-OPEN-CLOSE.RED.2 - 2. functions found.
 7:43:35 USER	<PSL.TESTS>MINI-OTHERS-SL.RED.1 - 2. functions found.
 7:43:35 USER	<PSL.TESTS>MINI-PRINTERS.RED.2 - 16. functions found.
 7:43:36 USER	<PSL.TESTS>MINI-PRINTF.RED.4 - 4. functions found.
 7:43:36 USER	<PSL.TESTS>MINI-PROPERTY-LIST.RED.2 - 5. functions found.
 7:43:36 USER	<PSL.TESTS>MINI-PUTD-GETD.RED.5 - 3. functions found.
 7:43:36 USER	<PSL.TESTS>MINI-RDS-WRS.RED.1 - 2. functions found.
 7:43:36 USER	<PSL.TESTS>MINI-READ.RED.2 - 3. functions found.
 7:43:36 USER	<PSL.TESTS>MINI-SEQUENCE.RED.1 - 1. functions found.
 7:43:37 USER	<PSL.TESTS>MINI-SYMBOL-VALUES.RED.1 - 1. functions found.
 7:43:37 USER	<PSL.TESTS>MINI-TOKEN.RED.4 - 19. functions found.
 7:43:37 USER	<PSL.TESTS>MINI-TOP-LOOP.RED.1 - 1. functions found.
 7:43:37 USER	<PSL.TESTS>MINI-TYPE-CONVERSIONS.RED.2 - 2. functions found.
 7:43:38 USER	<PSL.TESTS>MINI-TYPE-ERRORS.RED.10 - 14. functions found.
 7:43:38 USER	<PSL.TESTS>NBTEST.RED.2 - 11. functions found.
 7:43:38 USER	<PSL.TESTS>NEW-SYM.RED.4 - 4. functions found.
 7:43:38 USER	<PSL.TESTS>NEW-TEST-CASE.RED.1 - 26. functions found.
 7:43:39 USER	<PSL.TESTS>P-ALLOCATORS.RED.6 - 15. functions found.
 7:43:39 USER	<PSL.TESTS>P-APPLY-LAP.RED.19 - 8. functions found.
 7:43:40 USER	<PSL.TESTS>P-COMP-GC.RED.2 - 38. functions found.
 7:43:40 USER	<PSL.TESTS>P-FAST-BINDER.RED.5 - 2. functions found.
 7:43:40 USER	<PSL.TESTS>P-FUNCTION-PRIMITIVES.RED.4 - 13. functions found.
 7:43:41 USER	<PSL.TESTS>PASCAL-SUPPORT.RED.2 - 7. functions found.
 7:43:41 USER	<PSL.TESTS>STUBS2.RED.2 - 1. functions found.
 7:43:41 USER	<PSL.TESTS>STUBS3.RED.11 - 0. functions found.
 7:43:41 USER	<PSL.TESTS>STUBS4.RED.5 - 4. functions found.
 7:43:41 USER	<PSL.TESTS>STUBS5.RED.13 - 4. functions found.
 7:43:42 USER	<PSL.TESTS>STUBS6.RED.18 - 1. functions found.
 7:43:42 USER	<PSL.TESTS>STUBS7.RED.3 - 0. functions found.
 7:43:42 USER	<PSL.TESTS>STUBS8.RED.5 - 2. functions found.
 7:43:42 USER	<PSL.TESTS>STUBS9.RED.7 - 2. functions found.
 7:43:42 USER	<PSL.TESTS>SUB2.RED.9 - 0. functions found.
 7:43:42 USER	<PSL.TESTS>SUB3.RED.24 - 0. functions found.
 7:43:42 USER	<PSL.TESTS>SUB4.RED.23 - 0. functions found.
 7:43:42 USER	<PSL.TESTS>SUB5A.RED.2 - 0. functions found.
 7:43:43 USER	<PSL.TESTS>SUB5B.RED.2 - 0. functions found.
 7:43:43 USER	<PSL.TESTS>SUB6.RED.35 - 0. functions found.
 7:43:43 USER	<PSL.TESTS>SUB7.RED.15 - 0. functions found.
 7:43:43 USER	<PSL.TESTS>SUB8.RED.1 - 0. functions found.
 7:43:43 USER	<PSL.TESTS>SUB9.RED.3 - 0. functions found.
 7:43:44 USER	<PSL.TESTS>SYSTEM-IO.RED.3 - 13. functions found.
 7:43:44 USER	<PSL.TESTS>WRITE-REAL-IN-PSL.RED.1 - 8. functions found.
 7:43:44 USER	<PSL.TESTS.20>20-TEST-GLOBAL-DATA.RED.5 - 0. functions found.
 7:43:45 USER	<PSL.TESTS.20>MAIN0.RED.1 - 2. functions found.
 7:43:45 USER	<PSL.TESTS.20>MINI-KNOWN-TO-COMP-SL.RED.1 - 8. functions found.
 7:43:45 USER	<PSL.TESTS.20>XXX-GC.RED.3 - 0. functions found.
 7:43:45 USER	<PSL.TESTS.20>XXX-HEADER.RED.35 - 18. functions found.
 7:43:46 USER	<PSL.TESTS.20>XXX-SYSTEM-GC.RED.1 - 2. functions found.
 7:43:46 USER	<PSL.TESTS.20>XXX-SYSTEM-IO.RED.3 - 10. functions found.
 7:43:47 USER	<PSL.TRASH>LOAD.RED.1 - 6. functions found.
 7:43:47 USER	<PSL.TRASH>MINI-PATCH.RED.1 - 2. functions found.
 7:43:47 USER	<PSL.TRASH>NONREC-GC.RED.1 - 18. functions found.
 7:43:48 USER	<PSL.TRASH>OLD-STRING-GENSYM.RED.1 - 2. functions found.
 7:43:48 USER	<PSL.TRASH>PRINTF.RED.1 - 9. functions found.
 7:43:49 USER	<PSL.TRASH>RAWIO.RED.3 - 19. functions found.
 7:43:49 USER	<PSL.TRASH>TOKEN-SCANNER.RED.1 - 27. functions found.
 7:43:51 USER	<PSL.UTIL>BIGBIG.RED.6 - 58. functions found.
 7:43:51 USER	<PSL.UTIL>BIGFACE.RED.4 - 42. functions found.
 7:43:51 USER	<PSL.UTIL>BR-UNBR.RED.2 - 8. functions found.
 7:43:52 USER	<PSL.UTIL>BUILD.RED.11 - 3. functions found.
 7:43:52 USER	<PSL.UTIL>DATETIME.RED.1 - 8. functions found.
 7:43:54 USER	<PSL.UTIL>DEBUG.RED.20 - 123. functions found.
 7:43:55 USER	<PSL.UTIL>DEFSTRUCT.RED.1 - 15. functions found.
 7:43:55 USER	<PSL.UTIL>DEMO-DEFSTRUCT.RED.1 - 0. functions found.
 7:43:55 USER	<PSL.UTIL>F-DSTRUCT.RED.1 - 2. functions found.
 7:43:55 USER	<PSL.UTIL>FAST-ARITH.RED.1 - 10. functions found.
 7:43:56 USER	<PSL.UTIL>FAST-VECTOR.RED.1 - 0. functions found.
 7:43:56 USER	<PSL.UTIL>FIND.RED.2 - 10. functions found.
 7:43:56 USER	<PSL.UTIL>FORMAT.RED.1 - 8. functions found.
 7:43:59 USER	<PSL.UTIL>GSORT.RED.4 - 40. functions found.
 7:44:00 USER	<PSL.UTIL>H-STATS-1.RED.1 - 3. functions found.
 7:44:00 USER	<PSL.UTIL>HELP.RED.4 - 19. functions found.
 7:44:01 USER	<PSL.UTIL>IF-SYSTEM.RED.1 - 2. functions found.
 7:44:01 USER	<PSL.UTIL>INSPECT.RED.1 - 11. functions found.
 7:44:02 USER	<PSL.UTIL>INUM.RED.1 - 12. functions found.
 7:44:04 USER	<PSL.UTIL>MATHLIB.RED.4 - 52. functions found.
 7:44:06 USER	<PSL.UTIL>MINI-SUPPORT.RED.1 - 40. functions found.
 7:44:06 USER	<PSL.UTIL>MINI-SUPPORT-PATCH.RED.1 - 2. functions found.
 7:44:07 USER	<PSL.UTIL>NARITH.RED.1 - 33. functions found.
 7:44:09 USER	<PSL.UTIL>NBARITH.RED.1 - 37. functions found.
 7:44:12 USER	<PSL.UTIL>NBIG0.RED.4 - 96. functions found.
 7:44:13 USER	<PSL.UTIL>PACKAGE.RED.1 - 41. functions found.
 7:44:14 USER	<PSL.UTIL>PARSER-FIX.RED.1 - 13. functions found.
 7:44:14 USER	<PSL.UTIL>PCHECK.RED.3 - 5. functions found.
 7:44:16 USER	<PSL.UTIL>POLY.RED.8 - 83. functions found.
 7:44:16 USER	<PSL.UTIL>PR-DEMO.RED.1 - 0. functions found.
 7:44:19 USER	<PSL.UTIL>PR-DRIV.RED.2 - 106. functions found.
 7:44:21 USER	<PSL.UTIL>PR-MAIN.RED.2 - 64. functions found.
 7:44:21 USER	<PSL.UTIL>PR-TEXT.RED.1 - 10. functions found.
 7:44:22 USER	<PSL.UTIL>PR2D-DEMO.RED.1 - 0. functions found.
 7:44:24 USER	<PSL.UTIL>PR2D-DRIV.RED.3 - 120. functions found.
 7:44:26 USER	<PSL.UTIL>PR2D-MAIN.RED.2 - 59. functions found.
 7:44:27 USER	<PSL.UTIL>PR2D-TEXT.RED.1 - 10. functions found.
 7:44:29 USER	<PSL.UTIL>PRETTY.RED.1 - 23. functions found.
 7:44:29 USER	<PSL.UTIL>PRINTER-FIX.RED.1 - 6. functions found.
 7:44:32 USER	<PSL.UTIL>PRLISP-DRIVER.RED.1 - 79. functions found.
 7:44:35 USER	<PSL.UTIL>PSL-CREF.RED.3 - 51. functions found.
 7:44:35 USER	<PSL.UTIL>PSL-CREFIO.RED.3 - 21. functions found.
 7:44:35 USER	<PSL.UTIL>RAWBREAK.RED.1 - 1. functions found.
 7:44:35 USER	<PSL.UTIL>RAWIO.RED.1 - 19. functions found.
 7:44:36 USER	<PSL.UTIL>READ-UTILS.RED.2 - 8. functions found.
 7:44:40 USER	<PSL.UTIL>RLISP-PARSER.RED.7 - 88. functions found.
 7:44:43 USER	<PSL.UTIL>RLISP-SUPPORT.RED.14 - 64. functions found.
 7:44:45 USER	<PSL.UTIL>RPRINT.RED.1 - 52. functions found.
 7:44:45 USER	<PSL.UTIL>SM.RED.1 - 2. functions found.
 7:44:46 USER	<PSL.UTIL>TEL-ANN-DRIVER.RED.1 - 48. functions found.
 7:44:48 USER	<PSL.UTIL>TEST-ARITH.RED.1 - 59. functions found.
 7:44:49 USER	<PSL.UTIL>VECTOR-FIX.RED.1 - 7. functions found.
 7:44:50 USER	<PSL.UTIL.20>20-INTERRUPT.RED.1 - 32. functions found.
 7:44:50 USER	<PSL.UTIL.20>DIR-STUFF.RED.1 - 17. functions found.
 7:44:50 USER	<PSL.UTIL.20>EXEC.RED.9 - 36. functions found.
 7:44:51 USER	<PSL.UTIL.20>JSYS.RED.1 - 26. functions found.
 7:44:51 USER	<PSL.UTIL.20>MONSYM.RED.1 - 4. functions found.
 7:44:51 USER	<PSL.UTIL.20>WHEREIS.RED.1 - 3. functions found.
 7:44:54 USER	<PSL.UTIL.HP>HP9836-DRIV.RED.1 - 15. functions found.
 7:44:54 USER	<PSL.UTIL.HP>LPCALLS.RED.3 - 10. functions found.
 7:44:55 USER	<PSL.UTIL.VAX>OLOAD.RED.3 - 5. functions found.
 7:44:56 USER	<PSL.UTIL.VAX>VAX-PATH.RED.17 - 13. functions found.
 7:44:56 USER	**<PSL*>*.SL
 7:45:01 USER	<PSL.COMP>ANYREG-CMACRO.SL.1 - 28. functions found.
 7:45:02 USER	<PSL.COMP>COMMON-CMACROS.SL.1 - 54. functions found.
 7:45:02 USER	<PSL.COMP>COMMON-PREDICATES.SL.1 - 7. functions found.
 7:45:02 USER	<PSL.COMP>P-LAMBIND.SL.1 - 3. functions found.
 7:45:03 USER	<PSL.COMP>PASS-1-LAP.SL.11 - 34. functions found.
 7:45:05 USER	<PSL.COMP.20>DEC20-CMAC.SL.6 - 13. functions found.
 7:45:05 USER	<PSL.COMP.20>INSTRS.SL.1 - 1. functions found.
 7:45:06 USER	<PSL.COMP.20>NON-KL-COMP.SL.7 - 1. functions found.
 7:45:06 USER	<PSL.COMP.20>TENEX-ASM.SL.1 - 1. functions found.
 7:45:15 USER	<PSL.COMP.68>KEEP-CMAC.SL.1 - 44. functions found.
 7:45:19 USER	<PSL.COMP.68>M68K-CMAC.SL.26 - 50. functions found.
 7:45:23 USER	<PSL.COMP.68.APOLLO>APOLLO-CMACRO-CHANGES.SL.2 - 2. functions found.
 7:45:24 USER	<PSL.COMP.68.HP>HP-CMAC.SL.1 - 43. functions found.
 7:45:29 USER	<PSL.COMP.CRAY>ANYREGS.SL.4 - 37. functions found.
 7:45:31 USER	<PSL.COMP.CRAY>CMACROS.SL.5 - 25. functions found.
 7:45:32 USER	<PSL.COMP.CRAY>CRAY-CMAC.SL.2 - 15. functions found.
 7:45:32 USER	<PSL.COMP.CRAY>FOREIGN-NEW.SL.1 - 2. functions found.
 7:45:32 USER	<PSL.COMP.CRAY>INUMP.SL.2 - 1. functions found.
 7:45:33 USER	<PSL.COMP.CRAY>PATCHES.SL.2 - 2. functions found.
 7:45:33 USER	<PSL.COMP.CRAY>PREDICATES.SL.25 - 32. functions found.
 7:45:37 USER	<PSL.COMP.VAX>INSTRS.SL.1 - 0. functions found.
 7:45:37 USER	<PSL.COMP.VAX>VAX-CMAC.SL.2 - 8. functions found.
 7:45:57 USER	<PSL.DOC.NMODE>COSTLY.SL.1 - 0. functions found.
 7:45:58 USER	<PSL.EMODE>AAA.SL.3 - 4. functions found.
 7:45:58 USER	<PSL.EMODE>BUFFER.SL.4 - 15. functions found.
 7:45:59 USER	<PSL.EMODE>BUFFER-POSITION.SL.4 - 6. functions found.
 7:46:00 USER	<PSL.EMODE>BUFFERS.SL.4 - 14. functions found.
 7:46:00 USER	<PSL.EMODE>CUSTOMIZE-RLISP-FOR-EMODE.SL.3 - 7. functions found.
 7:46:01 USER	<PSL.EMODE>DIRECTORY.SL.4 - 13. functions found.
 7:46:02 USER	<PSL.EMODE>DIRED.SL.3 - 39. functions found.
 7:46:04 USER	<PSL.EMODE>DISPCH.SL.4 - 27. functions found.
 7:46:04 USER	<PSL.EMODE>DM1520.SL.3 - 4. functions found.
 7:46:04 USER	<PSL.EMODE>EDC.SL.3 - 7. functions found.
 7:46:05 USER	<PSL.EMODE>ENVSEL.SL.2 - 2. functions found.
 7:46:05 USER	<PSL.EMODE>EXAMPLE-OOL.SL.2 - 0. functions found.
 7:46:06 USER	<PSL.EMODE>FILEIO.SL.3 - 18. functions found.
 7:46:07 USER	<PSL.EMODE>HP-EMODEX.SL.3 - 39. functions found.
 7:46:07 USER	<PSL.EMODE>HP2648A.SL.3 - 6. functions found.
 7:46:08 USER	<PSL.EMODE>HP9836.SL.1 - 4. functions found.
 7:46:08 USER	<PSL.EMODE>INPUT-STREAM.SL.2 - 16. functions found.
 7:46:09 USER	<PSL.EMODE>MISC-EMODE.SL.2 - 5. functions found.
 7:46:09 USER	<PSL.EMODE>NEW-FILEIO.SL.3 - 6. functions found.
 7:46:09 USER	<PSL.EMODE>OLD-DISPCH.SL.1 - 22. functions found.
 7:46:10 USER	<PSL.EMODE>OOL.SL.1 - 12. functions found.
 7:46:11 USER	<PSL.EMODE>OUTPUT-STREAM.SL.2 - 16. functions found.
 7:46:11 USER	<PSL.EMODE>PROMPTING.SL.3 - 6. functions found.
 7:46:12 USER	<PSL.EMODE>QUERY-REPLACE.SL.2 - 4. functions found.
 7:46:12 USER	<PSL.EMODE>RING-BUFFER.SL.2 - 4. functions found.
 7:46:12 USER	<PSL.EMODE>SLEEP.SL.3 - 2. functions found.
 7:46:13 USER	<PSL.EMODE>TELERAY.SL.2 - 4. functions found.
 7:46:13 USER	<PSL.EMODE>TOY-MODE.SL.2 - 6. functions found.
 7:46:13 USER	<PSL.EMODE>TTY-SIZE.SL.2 - 4. functions found.
 7:46:15 USER	<PSL.EMODE>V-SCREEN.SL.3 - 28. functions found.
 7:46:15 USER	<PSL.EMODE>VS-SUPPORT.SL.2 - 1. functions found.
 7:46:15 USER	<PSL.EMODE>VT100.SL.2 - 4. functions found.
 7:46:16 USER	<PSL.EMODE>VT52.SL.2 - 4. functions found.
 7:46:16 USER	<PSL.EMODE>WINDOW.SL.3 - 3. functions found.
 7:46:16 USER	<PSL.EMODE>WINDOWS.SL.3 - 1. functions found.
 7:46:19 USER	<PSL.GLISP>CIRCLE.SL.3 - 1. functions found.
 7:46:19 USER	<PSL.GLISP>CRT.SL.15 - 0. functions found.
 7:46:21 USER	<PSL.GLISP>GEV.SL.1 - 8. functions found.
 7:46:26 USER	<PSL.GLISP>GEVAUX.SL.14 - 10. functions found.
 7:46:26 USER	<PSL.GLISP>GEVAUX20.SL.23 - 10. functions found.
 7:46:26 USER	<PSL.GLISP>GEVAUXOLD.SL.1 - 12. functions found.
 7:46:27 USER	<PSL.GLISP>GEVCRT.SL.12 - 2. functions found.
 7:46:28 USER	<PSL.GLISP>GEVDEMO.SL.9 - 0. functions found.
 7:46:28 USER	<PSL.GLISP>GEVHRD.SL.5 - 2. functions found.
 7:46:28 USER	<PSL.GLISP>GEVNEW.SL.1 - 1. functions found.
 7:46:30 USER	<PSL.GLISP>GEVT.SL.3 - 85. functions found.
 7:46:30 USER	<PSL.GLISP>GLCASE.SL.1 - 1. functions found.
 7:46:31 USER	<PSL.GLISP>GLHEAD.SL.1 - 1. functions found.
 7:46:40 USER	<PSL.GLISP>GLISP.SL.2 - 234. functions found.
 7:46:41 USER	<PSL.GLISP>GLPROP.SL.1 - 1. functions found.
 7:46:41 USER	<PSL.GLISP>GLSCAN.SL.1 - 0. functions found.
 7:46:41 USER	<PSL.GLISP>GLTAIL.SL.1 - 28. functions found.
 7:46:42 USER	<PSL.GLISP>GLTEST.SL.1 - 0. functions found.
 7:46:43 USER	<PSL.GLISP>GLTRANS.SL.1 - 3. functions found.
 7:46:43 USER	<PSL.GLISP>GLTYPE.SL.3 - 0. functions found.
 7:46:44 USER	<PSL.GLISP>GRTREE.SL.1 - 0. functions found.
 7:46:44 USER	<PSL.GLISP>H19.SL.1 - 0. functions found.
 7:46:44 USER	<PSL.GLISP>HRD.SL.2 - 5. functions found.
 7:46:45 USER	<PSL.GLISP>IREWRITE.SL.2 - 18. functions found.
 7:46:46 USER	<PSL.GLISP>MENU.SL.1 - 0. functions found.
 7:46:46 USER	<PSL.GLISP>NEWDG.SL.4 - 1. functions found.
 7:46:47 USER	<PSL.GLISP>OLDGLTEST.SL.1 - 0. functions found.
 7:46:48 USER	<PSL.GLISP>PERMUTE.SL.1 - 3. functions found.
 7:46:48 USER	<PSL.GLISP>TLG.SL.3 - 1. functions found.
 7:46:49 USER	<PSL.GLISP>VECTOR.SL.1 - 0. functions found.
 7:46:50 USER	<PSL.GLISP>WINDOW.SL.12 - 14. functions found.
 7:46:51 USER	<PSL.GLISP>WINDOW20.SL.6 - 0. functions found.
 7:46:51 USER	<PSL.GLISP>WINDOWCRT.SL.12 - 0. functions found.
 7:46:52 USER	<PSL.GLISP>WINDOWHRD.SL.7 - 0. functions found.
 7:46:53 USER	<PSL.KERNEL>CHAR-MACRO.SL.3 - 3. functions found.
 7:46:53 USER	<PSL.KERNEL.20>20-KERNEL-GEN.SL.1 - 0. functions found.
 7:46:54 USER	<PSL.KERNEL.20>NON-KL-RUN.SL.1 - 4. functions found.
 7:46:56 USER	<PSL.KERNEL.68.APOLLO>APOLLO-KERNEL-GEN.SL.5 - 0. functions found.
 7:46:57 USER	<PSL.KERNEL.68.HP>DEFPCALL.SL.1 - 7. functions found.
 7:46:57 USER	<PSL.KERNEL.68.HP>EXTEND.SL.1 - 3. functions found.
 7:46:57 USER	<PSL.KERNEL.68.HP>FCALL.SL.1 - 11. functions found.
 7:46:58 USER	<PSL.KERNEL.68.HP>HP-KERNEL.SL.1 - 9. functions found.
 7:46:58 USER	<PSL.KERNEL.68.HP>HP-KERNEL-GEN.SL.1 - 0. functions found.
 7:46:59 USER	<PSL.KERNEL.68.HP>LPCALL.SL.1 - 11. functions found.
 7:46:59 USER	<PSL.KERNEL.68.HP>NEWNMODEAIDS.SL.1 - 3. functions found.
 7:47:00 USER	<PSL.KERNEL.68.HP>PCALL.SL.1 - 11. functions found.
 7:47:00 USER	<PSL.KERNEL.68.HP>SYSTEM-DATE.SL.3 - 7. functions found.
 7:47:00 USER	<PSL.KERNEL.68.HP>USERFUNS.SL.1 - 10. functions found.
 7:47:01 USER	<PSL.KERNEL.68.HP>WFLOAT.SL.1 - 10. functions found.
 7:47:03 USER	<PSL.KERNEL.68.WICAT>WICAT-KERNEL-GEN.SL.4 - 0. functions found.
 7:47:06 USER	<PSL.KERNEL.CRAY>CRAY-KERNEL-GEN.SL.4 - 0. functions found.
 7:47:09 USER	<PSL.KERNEL.VAX>DIR-FORMATS.SL.1 - 0. functions found.
 7:47:09 USER	<PSL.KERNEL.VAX>VAX-KERNEL-GEN.SL.1 - 0. functions found.
 7:47:12 USER	<PSL.NEW>AMBASSADOR.SL.2 - 20. functions found.
 7:47:13 USER	<PSL.NEW>HP2648A.SL.1 - 20. functions found.
 7:47:14 USER	<PSL.NEW>INPUT-STREAM.SL.1 - 34. functions found.
 7:47:14 USER	<PSL.NEW>OUTPUT-STREAM.SL.1 - 22. functions found.
 7:47:15 USER	<PSL.NEW>SYSTEMERROR.SL.1 - 3. functions found.
 7:47:15 USER	<PSL.NEW>TELERAY.SL.1 - 20. functions found.
 7:47:17 USER	<PSL.NEW>TEXT-BUFFER.SL.2 - 63. functions found.
 7:47:17 USER	<PSL.NEW>VAX-CMAC.SL.1 - 11. functions found.
 7:47:18 USER	<PSL.NEW>VT100.SL.1 - 20. functions found.
 7:47:19 USER	<PSL.NEW>VT52X.SL.1 - 20. functions found.
 7:47:19 USER	<PSL.NMODE>AUTOFILL.SL.1 - 9. functions found.
 7:47:21 USER	<PSL.NMODE>BROWSER.SL.1 - 38. functions found.
 7:47:22 USER	<PSL.NMODE>BROWSER-BROWSER.SL.2 - 24. functions found.
 7:47:22 USER	<PSL.NMODE>BROWSER-SUPPORT.SL.1 - 34. functions found.
 7:47:23 USER	<PSL.NMODE>BUFFER.SL.1 - 50. functions found.
 7:47:23 USER	<PSL.NMODE>BUFFER-BROWSER.SL.2 - 41. functions found.
 7:47:24 USER	<PSL.NMODE>BUFFER-IO.SL.1 - 18. functions found.
 7:47:24 USER	<PSL.NMODE>BUFFER-POSITION.SL.1 - 6. functions found.
 7:47:25 USER	<PSL.NMODE>BUFFER-WINDOW.SL.1 - 33. functions found.
 7:47:26 USER	<PSL.NMODE>BUFFERS.SL.1 - 30. functions found.
 7:47:27 USER	<PSL.NMODE>BUILD-VAX-NMODE.SL.1 - 0. functions found.
 7:47:27 USER	<PSL.NMODE>CASE-COMMANDS.SL.1 - 10. functions found.
 7:47:27 USER	<PSL.NMODE>COMMAND-INPUT.SL.1 - 8. functions found.
 7:47:28 USER	<PSL.NMODE>COMMANDS.SL.1 - 27. functions found.
 7:47:28 USER	<PSL.NMODE>DEFUN-COMMANDS.SL.1 - 10. functions found.
 7:47:29 USER	<PSL.NMODE>DIRED.SL.3 - 42. functions found.
 7:47:29 USER	<PSL.NMODE>DISPATCH.SL.1 - 19. functions found.
 7:47:30 USER	<PSL.NMODE>DOC.SL.3 - 12. functions found.
 7:47:30 USER	<PSL.NMODE>EXTENDED-INPUT.SL.2 - 6. functions found.
 7:47:31 USER	<PSL.NMODE>FILEIO.SL.2 - 44. functions found.
 7:47:32 USER	<PSL.NMODE>HP9836-DEV.SL.4 - 12. functions found.
 7:47:32 USER	<PSL.NMODE>INCR.SL.1 - 21. functions found.
 7:47:33 USER	<PSL.NMODE>INDENT-COMMANDS.SL.1 - 16. functions found.
 7:47:33 USER	<PSL.NMODE>KILL-COMMANDS.SL.1 - 37. functions found.
 7:47:34 USER	<PSL.NMODE>LISP-COMMANDS.SL.1 - 5. functions found.
 7:47:34 USER	<PSL.NMODE>LISP-INDENTING.SL.1 - 10. functions found.
 7:47:35 USER	<PSL.NMODE>LISP-INTERFACE.SL.1 - 19. functions found.
 7:47:36 USER	<PSL.NMODE>LISP-PARSER.SL.1 - 6. functions found.
 7:47:37 USER	<PSL.NMODE>M-X.SL.1 - 7. functions found.
 7:47:37 USER	<PSL.NMODE>M-XCMD.SL.1 - 10. functions found.
 7:47:38 USER	<PSL.NMODE>MODE-DEFS.SL.1 - 3. functions found.
 7:47:38 USER	<PSL.NMODE>MODES.SL.1 - 11. functions found.
 7:47:39 USER	<PSL.NMODE>MOVE-COMMANDS.SL.1 - 40. functions found.
 7:47:39 USER	<PSL.NMODE>NMODE-20.SL.2 - 11. functions found.
 7:47:40 USER	<PSL.NMODE>NMODE-9836.SL.4 - 18. functions found.
 7:47:40 USER	<PSL.NMODE>NMODE-ATTRIBUTES.SL.1 - 22. functions found.
 7:47:41 USER	<PSL.NMODE>NMODE-BREAK.SL.1 - 13. functions found.
 7:47:41 USER	<PSL.NMODE>NMODE-INIT.SL.1 - 2. functions found.
 7:47:41 USER	<PSL.NMODE>NMODE-PARSING.SL.1 - 14. functions found.
 7:47:42 USER	<PSL.NMODE>NMODE-VAX.SL.5 - 10. functions found.
 7:47:43 USER	<PSL.NMODE>PROMPTING.SL.1 - 17. functions found.
 7:47:43 USER	<PSL.NMODE>QUERY-REPLACE.SL.1 - 4. functions found.
 7:47:44 USER	<PSL.NMODE>READER.SL.1 - 24. functions found.
 7:47:44 USER	<PSL.NMODE>REC.SL.1 - 4. functions found.
 7:47:45 USER	<PSL.NMODE>SCREEN-LAYOUT.SL.2 - 52. functions found.
 7:47:46 USER	<PSL.NMODE>SEARCH.SL.3 - 9. functions found.
 7:47:46 USER	<PSL.NMODE>SET-TERMINAL-20.SL.1 - 5. functions found.
 7:47:47 USER	<PSL.NMODE>SET-TERMINAL-9836.SL.1 - 4. functions found.
 7:47:47 USER	<PSL.NMODE>SOFTKEYS.SL.1 - 8. functions found.
 7:47:48 USER	<PSL.NMODE>STRUCTURE-FUNCTIONS.SL.1 - 18. functions found.
 7:47:49 USER	<PSL.NMODE>TERMINAL-INPUT.SL.2 - 16. functions found.
 7:47:50 USER	<PSL.NMODE>TEXT-BUFFER.SL.3 - 63. functions found.
 7:47:51 USER	<PSL.NMODE>TEXT-COMMANDS.SL.1 - 35. functions found.
 7:47:52 USER	<PSL.NMODE>WINDOW.SL.1 - 18. functions found.
 7:47:52 USER	<PSL.NMODE>WINDOW-LABEL.SL.2 - 9. functions found.
 7:47:57 USER	<PSL.NMODE.EXT>EXTENDED-INPUT.SL.2 - 6. functions found.
 7:47:58 USER	<PSL.NMODE.EXT>LISP-INTERFACE.SL.1 - 19. functions found.
 7:47:59 USER	<PSL.NONKERNEL>CHAR-MACRO.SL.2 - 3. functions found.
 7:48:01 USER	<PSL.SCRATCH>BROWSER-BROWSER.SL.2 - 24. functions found.
 7:48:01 USER	<PSL.SCRATCH>DIRED.SL.3 - 42. functions found.
 7:48:02 USER	<PSL.SCRATCH>EXTENDED-INPUT.SL.2 - 6. functions found.
 7:48:02 USER	<PSL.SCRATCH>INCR.SL.2 - 21. functions found.
 7:48:03 USER	<PSL.SCRATCH>NMODE-VAX.SL.8 - 10. functions found.
 7:48:04 USER	<PSL.SCRATCH>TEXT-COMMANDS.SL.2 - 35. functions found.
 7:48:06 USER	<PSL.TESTS>IREWRITE.SL.1 - 18. functions found.
 7:48:06 USER	<PSL.TESTS>NEW-TIME-PSL.SL.1 - 3. functions found.
 7:48:06 USER	<PSL.TESTS>OLD-TIME-PSL.SL.1 - 0. functions found.
 7:48:07 USER	<PSL.TESTS>P-LAMBIND.SL.1 - 3. functions found.
 7:48:08 USER	<PSL.TESTS>PSL-TIMER.SL.6 - 37. functions found.
 7:48:09 USER	<PSL.TESTS>PSLTEST.SL.2 - 7. functions found.
 7:48:09 USER	<PSL.TESTS>SIMPLER-TIME.SL.1 - 0. functions found.
 7:48:10 USER	<PSL.TESTS>TAK.SL.2 - 2. functions found.
 7:48:10 USER	<PSL.TESTS>TIME-PSL.SL.1 - 0. functions found.
 7:48:10 USER	<PSL.TESTS.20>DEC20-PATCHES.SL.28 - 5. functions found.
 7:48:12 USER	<PSL.TRASH>CHAR-MACRO.SL.1 - 3. functions found.
 7:48:12 USER	<PSL.TRASH>DIRECTORY.SL.1 - 2. functions found.
 7:48:13 USER	<PSL.UTAH>GSORT.SL.1 - 9. functions found.
 7:48:13 USER	<PSL.UTIL>ADDR2ID.SL.1 - 1. functions found.
 7:48:14 USER	<PSL.UTIL>ASSOCIATION.SL.1 - 4. functions found.
 7:48:14 USER	<PSL.UTIL>BACKQUOTE.SL.1 - 10. functions found.
 7:48:15 USER	<PSL.UTIL>BIND-MACROS.SL.2 - 4. functions found.
 7:48:15 USER	<PSL.UTIL>CLCOMP1.SL.3 - 3. functions found.
 7:48:16 USER	<PSL.UTIL>COMMON.SL.10 - 55. functions found.
 7:48:17 USER	<PSL.UTIL>COND-MACROS.SL.1 - 4. functions found.
 7:48:17 USER	<PSL.UTIL>DESTRUCTURE.SL.1 - 8. functions found.
 7:48:18 USER	<PSL.UTIL>EXTENDED-CHAR.SL.2 - 19. functions found.
 7:48:18 USER	<PSL.UTIL>FAST-EVECTORS.SL.1 - 4. functions found.
 7:48:18 USER	<PSL.UTIL>FAST-INT.SL.4 - 0. functions found.
 7:48:19 USER	<PSL.UTIL>FAST-STRINGS.SL.1 - 0. functions found.
 7:48:19 USER	<PSL.UTIL>FAST-VECTORS.SL.1 - 0. functions found.
 7:48:20 USER	<PSL.UTIL>FOR-MACRO.SL.3 - 25. functions found.
 7:48:20 USER	<PSL.UTIL>GRAPH-TREE.SL.1 - 3. functions found.
 7:48:20 USER	<PSL.UTIL>HASH.SL.4 - 12. functions found.
 7:48:21 USER	<PSL.UTIL>HCONS.SL.1 - 23. functions found.
 7:48:22 USER	<PSL.UTIL>HEAP-STATS.SL.1 - 5. functions found.
 7:48:22 USER	<PSL.UTIL>HISTORY.SL.1 - 23. functions found.
 7:48:23 USER	<PSL.UTIL>IF.SL.1 - 5. functions found.
 7:48:23 USER	<PSL.UTIL>INIT-FILE.SL.3 - 1. functions found.
 7:48:24 USER	<PSL.UTIL>ITER-MACROS.SL.1 - 4. functions found.
 7:48:25 USER	<PSL.UTIL>KERNEL.SL.2 - 9. functions found.
 7:48:25 USER	<PSL.UTIL>MACROEXPAND.SL.1 - 7. functions found.
 7:48:26 USER	<PSL.UTIL>MAN.SL.4 - 7. functions found.
 7:48:26 USER	<PSL.UTIL>MINI.SL.1 - 13. functions found.
 7:48:26 USER	<PSL.UTIL>MISC-MACROS.SL.1 - 9. functions found.
 7:48:27 USER	<PSL.UTIL>NUMERIC-OPERATORS.SL.4 - 25. functions found.
 7:48:30 USER	<PSL.UTIL>OBJECTS.SL.3 - 45. functions found.
 7:48:30 USER	<PSL.UTIL>OLD-PRETTYPRINT.SL.1 - 21. functions found.
 7:48:31 USER	<PSL.UTIL>PARSE-COMMAND-STRING.SL.1 - 1. functions found.
 7:48:31 USER	<PSL.UTIL>PATHIN.SL.1 - 2. functions found.
 7:48:31 USER	<PSL.UTIL>PATHNAMEX.SL.3 - 6. functions found.
 7:48:32 USER	<PSL.UTIL>PP.SL.6 - 50. functions found.
 7:48:32 USER	<PSL.UTIL>PR-DEMO.SL.1 - 0. functions found.
 7:48:32 USER	<PSL.UTIL>PR2D-DEMO.SL.1 - 0. functions found.
 7:48:33 USER	<PSL.UTIL>PROGRAM-COMMAND-INTERPRETER.SL.2 - 4. functions found.
 7:48:34 USER	<PSL.UTIL>PSL-INPUT-STREAM.SL.1 - 21. functions found.
 7:48:34 USER	<PSL.UTIL>PSL-OUTPUT-STREAM.SL.1 - 14. functions found.
 7:48:34 USER	<PSL.UTIL>PSLCOMP-MAIN.SL.5 - 6. functions found.
 7:48:35 USER	<PSL.UTIL>READ-MACROS.SL.5 - 10. functions found.
 7:48:36 USER	<PSL.UTIL>RING-BUFFER.SL.2 - 12. functions found.
 7:48:36 USER	<PSL.UTIL>RLISPCOMP.SL.1 - 4. functions found.
 7:48:37 USER	<PSL.UTIL>SET-MACROS.SL.2 - 21. functions found.
 7:48:37 USER	<PSL.UTIL>SLOW-STRINGS.SL.1 - 5. functions found.
 7:48:37 USER	<PSL.UTIL>SLOW-VECTORS.SL.1 - 5. functions found.
 7:48:38 USER	<PSL.UTIL>STRING-INPUT.SL.1 - 6. functions found.
 7:48:38 USER	<PSL.UTIL>STRING-SEARCH.SL.1 - 2. functions found.
 7:48:38 USER	<PSL.UTIL>STRINGX.SL.1 - 5. functions found.
 7:48:38 USER	<PSL.UTIL>TIME-FNC.SL.5 - 13. functions found.
 7:48:40 USER	<PSL.UTIL>UTIL.SL.1 - 5. functions found.
 7:48:40 USER	<PSL.UTIL.20>BUG.SL.1 - 1. functions found.
 7:48:41 USER	<PSL.UTIL.20>DIRECTORY.SL.2 - 2. functions found.
 7:48:41 USER	<PSL.UTIL.20>FILE-PRIMITIVES.SL.3 - 13. functions found.
 7:48:42 USER	<PSL.UTIL.20>FILE-SUPPORT.SL.2 - 13. functions found.
 7:48:42 USER	<PSL.UTIL.20>GET-COMMAND-ARGS.SL.2 - 1. functions found.
 7:48:42 USER	<PSL.UTIL.20>GET-COMMAND-STRING.SL.1 - 4. functions found.
 7:48:43 USER	<PSL.UTIL.20>GET-HEAP-BOUNDS.SL.1 - 3. functions found.
 7:48:43 USER	<PSL.UTIL.20>HOMEDIR.SL.2 - 4. functions found.
 7:48:44 USER	<PSL.UTIL.20>INPUT-STREAM.SL.3 - 34. functions found.
 7:48:44 USER	<PSL.UTIL.20>OUTPUT-STREAM.SL.1 - 22. functions found.
 7:48:45 USER	<PSL.UTIL.20>PATHNAMES.SL.11 - 32. functions found.
 7:48:45 USER	<PSL.UTIL.20>PROCESSOR-TIME.SL.1 - 1. functions found.
 7:48:46 USER	<PSL.UTIL.20>WAIT.SL.1 - 1. functions found.
 7:48:46 USER	<PSL.UTIL.APOLLO>HOMEDIR.SL.1 - 2. functions found.
 7:48:48 USER	<PSL.UTIL.HP>DGL.SL.5 - 27. functions found.
 7:48:48 USER	<PSL.UTIL.HP>DGL-MENU.SL.2 - 7. functions found.
 7:48:49 USER	<PSL.UTIL.HP>DIRECTORY.SL.2 - 0. functions found.
 7:48:50 USER	<PSL.UTIL.HP>FILE-PRIMITIVES.SL.2 - 28. functions found.
 7:48:50 USER	<PSL.UTIL.HP>INPUT-STREAM.SL.4 - 28. functions found.
 7:48:51 USER	<PSL.UTIL.HP>INPUT-TEXT.SL.2 - 27. functions found.
 7:48:51 USER	<PSL.UTIL.HP>NMODE-AIDS.SL.1 - 3. functions found.
 7:48:52 USER	<PSL.UTIL.HP>OUTPUT-STREAM.SL.5 - 13. functions found.
 7:48:53 USER	<PSL.UTIL.HP>PATHNAMES.SL.3 - 33. functions found.
 7:48:53 USER	<PSL.UTIL.HP>PROCESSOR-TIME.SL.2 - 0. functions found.
 7:48:53 USER	<PSL.UTIL.HP>WAIT.SL.2 - 1. functions found.
 7:48:55 USER	<PSL.UTIL.VAX>GET-COMMAND-ARGS.SL.1 - 1. functions found.
 7:48:55 USER	<PSL.UTIL.VAX>INPUT-STREAM.SL.1 - 0. functions found.
 7:48:55 USER	<PSL.UTIL.VAX>OUTPUT-STREAM.SL.1 - 0. functions found.
 7:48:56 USER	<PSL.UTIL.VAX>PATHNAMES.SL.1 - 30. functions found.
 7:48:56 USER	<PSL.UTIL.VAX>WAIT.SL.1 - 1. functions found.
 7:48:57 USER	<PSL.WINDOWS>9836-ALPHA.SL.1 - 18. functions found.
 7:48:58 USER	<PSL.WINDOWS>9836-BITMAP.SL.1 - 25. functions found.
 7:48:59 USER	<PSL.WINDOWS>9836-COLOR.SL.2 - 23. functions found.
 7:49:00 USER	<PSL.WINDOWS>DIRECT-PHYSICAL-SCREEN.SL.1 - 19. functions found.
 7:49:00 USER	<PSL.WINDOWS>DISPLAY-CHAR.SL.1 - 8. functions found.
 7:49:02 USER	<PSL.WINDOWS>FONT8.SL.1 - 1. functions found.
 7:49:03 USER	<PSL.WINDOWS>HP2648A.SL.1 - 20. functions found.
 7:49:04 USER	<PSL.WINDOWS>PERQ.SL.4 - 20. functions found.
 7:49:07 USER	<PSL.WINDOWS>PHYSICAL-SCREEN.SL.1 - 29. functions found.
 7:49:09 USER	<PSL.WINDOWS>SHARED-PHYSICAL-SCREEN.SL.1 - 32. functions found.
 7:49:11 USER	<PSL.WINDOWS>TELERAY.SL.2 - 20. functions found.
 7:49:12 USER	<PSL.WINDOWS>VAX-PHYSICAL-SCREEN.SL.1 - 29. functions found.
 7:49:13 USER	<PSL.WINDOWS>VIRTUAL-SCREEN.SL.1 - 25. functions found.
 7:49:14 USER	<PSL.WINDOWS>VT52X.SL.3 - 20. functions found.
 7:49:15 USER	<PSL.WINDOWS>WINDOWS-20.SL.1 - 4. functions found.
 7:49:15 USER	<PSL.WINDOWS>WINDOWS-9836.SL.3 - 8. functions found.
 7:49:15 USER	<PSL.WINDOWS>WINDOWS-VAX.SL.1 - 4. functions found.
 7:49:16 USER	**<PSL*>*.LSP/PSL
 7:49:42 USER	<PSL.UTIL>CHARS.LSP.1 - 27. functions found.
 7:49:43 USER	<PSL.UTIL>EVALHOOK.LSP.1 - 3. functions found.
 7:49:43 USER	<PSL.UTIL>FAST-STRUCT.LSP.1 - 1. functions found.
 7:49:45 USER	<PSL.UTIL>LOOP.LSP.1 - 60. functions found.
 7:49:47 USER	<PSL.UTIL>NSTRUCT.LSP.1 - 26. functions found.
 7:49:48 USER	<PSL.UTIL>STEP.LSP.1 - 18. functions found.
 7:49:48 USER	<PSL.UTIL>STRINGS.LSP.1 - 41. functions found.
 7:49:50 USER	<PSL.UTIL>ZBASIC.LSP.1 - 32. functions found.
 7:49:51 USER	<PSL.UTIL>ZBOOT.LSP.1 - 10. functions found.
 7:49:52 USER	<PSL.UTIL>ZFILES.LSP.1 - 14. functions found.
 7:49:54 USER	<PSL.UTIL>ZMACRO.LSP.1 - 51. functions found.
 7:49:58 USER	<PSL.UTIL>ZPEDIT.LSP.1 - 101. functions found.
 7:49:59 USER	<PSL.UTIL>ZSYS.LSP.1 - 11. functions found.
 7:50:01 USER	**<PSL*>*.C
 7:50:15 USER	<PSL.KERNEL.VAX>ECHO.C.4 - 0. functions found.
 7:50:15 USER	<PSL.KERNEL.VAX>PSLIO.C.1 - 0. functions found.
 7:50:15 USER	<PSL.KERNEL.VAX>PWD-FN.C.1 - 0. functions found.
 7:50:16 USER	<PSL.KERNEL.VAX>UNEXEC.C.1 - 0. functions found.
 7:50:28 USER	**
 7:50:29 USER	PSL.TAGS.1 - 10214. functions in 707. files.
 7:50:29 MONTR	@@term page 24
 7:50:29 MONTR	@
 7:50:31 MONTR	Killed by OPERATOR, TTY 221
 7:50:31 MONTR	Killed Job 21, User KESSLER, Account SMALL, TTY 225,
 7:50:31 MONTR	  at 12-May-83 07:50:31,  Used 0:02:56 in 0:09:07
 